  CameraIso.cpp
  DirectionalLight.cpp
D:\314229623_Proyecto_Teoria_GP5\ProyectoAlison\Project1\DirectionalLight.cpp(18,14): warning C4244: 'argumento': conversión de 'GLfloat' a 'GLint'; posible pérdida de datos
D:\314229623_Proyecto_Teoria_GP5\ProyectoAlison\Project1\DirectionalLight.cpp(19,14): warning C4244: 'argumento': conversión de 'GLfloat' a 'GLint'; posible pérdida de datos
D:\314229623_Proyecto_Teoria_GP5\ProyectoAlison\Project1\DirectionalLight.cpp(21,14): warning C4244: 'argumento': conversión de 'GLfloat' a 'GLint'; posible pérdida de datos
D:\314229623_Proyecto_Teoria_GP5\ProyectoAlison\Project1\DirectionalLight.cpp(22,14): warning C4244: 'argumento': conversión de 'GLfloat' a 'GLint'; posible pérdida de datos
  Light.cpp
  main_proyecto01.cpp
D:\314229623_Proyecto_Teoria_GP5\ProyectoAlison\Project1\Window.h(13,36): warning C4244: 'return': conversión de 'GLint' a 'GLfloat'; posible pérdida de datos
D:\314229623_Proyecto_Teoria_GP5\ProyectoAlison\Project1\Window.h(14,37): warning C4244: 'return': conversión de 'GLint' a 'GLfloat'; posible pérdida de datos
D:\314229623_Proyecto_Teoria_GP5\ProyectoAlison\Project1\main_proyecto01.cpp(528,15): warning C4244: 'inicializando': conversión de 'double' a 'GLfloat'; posible pérdida de datos
D:\314229623_Proyecto_Teoria_GP5\ProyectoAlison\Project1\main_proyecto01.cpp(530,33): warning C4244: '+=': conversión de 'double' a 'GLfloat'; posible pérdida de datos
  Material.cpp
  Mesh_tn.cpp
  Model.cpp
D:\314229623_Proyecto_Teoria_GP5\ProyectoAlison\Project1\Model.cpp(16,10): warning C4477: 'printf' : la cadena de formato '%s' requiere un argumento de tipo 'char *', pero el argumento variádico 1 tiene el tipo 'const std::string'
D:\314229623_Proyecto_Teoria_GP5\ProyectoAlison\Project1\Model.cpp(16,80): warning C4474: "printf": se pasaron demasiados argumentos para la cadena de formato
D:\314229623_Proyecto_Teoria_GP5\ProyectoAlison\Project1\Model.cpp(16,80): message : los marcadores de posición y sus parámetros esperan 1 argumentos variádicos, pero se proporcionaron 2
D:\314229623_Proyecto_Teoria_GP5\ProyectoAlison\Project1\Model.cpp(51,7): warning C4804: '<': uso no seguro del tipo 'bool' en la operación
D:\314229623_Proyecto_Teoria_GP5\ProyectoAlison\Project1\Model.cpp(51,21): warning C4018: '<': no coinciden signed/unsigned
D:\314229623_Proyecto_Teoria_GP5\ProyectoAlison\Project1\Model.cpp(138,14): warning C4477: 'printf' : la cadena de formato '%s' requiere un argumento de tipo 'char *', pero el argumento variádico 1 tiene el tipo 'std::string'
D:\314229623_Proyecto_Teoria_GP5\ProyectoAlison\Project1\Model.cpp(147,14): warning C4477: 'printf' : la cadena de formato '%s' requiere un argumento de tipo 'char *', pero el argumento variádico 1 tiene el tipo 'std::string'
  PointLight.cpp
D:\314229623_Proyecto_Teoria_GP5\ProyectoAlison\Project1\PointLight.cpp(28,14): warning C4244: 'argumento': conversión de 'GLfloat' a 'GLint'; posible pérdida de datos
D:\314229623_Proyecto_Teoria_GP5\ProyectoAlison\Project1\PointLight.cpp(29,14): warning C4244: 'argumento': conversión de 'GLfloat' a 'GLint'; posible pérdida de datos
D:\314229623_Proyecto_Teoria_GP5\ProyectoAlison\Project1\PointLight.cpp(30,14): warning C4244: 'argumento': conversión de 'GLfloat' a 'GLint'; posible pérdida de datos
D:\314229623_Proyecto_Teoria_GP5\ProyectoAlison\Project1\PointLight.cpp(32,14): warning C4244: 'argumento': conversión de 'GLfloat' a 'GLint'; posible pérdida de datos
D:\314229623_Proyecto_Teoria_GP5\ProyectoAlison\Project1\PointLight.cpp(33,14): warning C4244: 'argumento': conversión de 'GLfloat' a 'GLint'; posible pérdida de datos
D:\314229623_Proyecto_Teoria_GP5\ProyectoAlison\Project1\PointLight.cpp(34,14): warning C4244: 'argumento': conversión de 'GLfloat' a 'GLint'; posible pérdida de datos
D:\314229623_Proyecto_Teoria_GP5\ProyectoAlison\Project1\PointLight.cpp(35,14): warning C4244: 'argumento': conversión de 'GLfloat' a 'GLint'; posible pérdida de datos
  Shader_light.cpp
D:\314229623_Proyecto_Teoria_GP5\ProyectoAlison\Project1\Shader_light.cpp(207,75): warning C4244: 'argumento': conversión de 'GLuint' a 'GLfloat'; posible pérdida de datos
D:\314229623_Proyecto_Teoria_GP5\ProyectoAlison\Project1\Shader_light.cpp(207,26): warning C4244: 'argumento': conversión de 'GLuint' a 'GLfloat'; posible pérdida de datos
D:\314229623_Proyecto_Teoria_GP5\ProyectoAlison\Project1\Shader_light.cpp(206,91): warning C4244: 'argumento': conversión de 'GLuint' a 'GLfloat'; posible pérdida de datos
D:\314229623_Proyecto_Teoria_GP5\ProyectoAlison\Project1\Shader_light.cpp(206,42): warning C4244: 'argumento': conversión de 'GLuint' a 'GLfloat'; posible pérdida de datos
D:\314229623_Proyecto_Teoria_GP5\ProyectoAlison\Project1\Shader_light.cpp(220,98): warning C4244: 'argumento': conversión de 'GLuint' a 'GLfloat'; posible pérdida de datos
D:\314229623_Proyecto_Teoria_GP5\ProyectoAlison\Project1\Shader_light.cpp(220,62): warning C4244: 'argumento': conversión de 'GLuint' a 'GLfloat'; posible pérdida de datos
D:\314229623_Proyecto_Teoria_GP5\ProyectoAlison\Project1\Shader_light.cpp(220,24): warning C4244: 'argumento': conversión de 'GLuint' a 'GLfloat'; posible pérdida de datos
D:\314229623_Proyecto_Teoria_GP5\ProyectoAlison\Project1\Shader_light.cpp(219,70): warning C4244: 'argumento': conversión de 'GLuint' a 'GLfloat'; posible pérdida de datos
D:\314229623_Proyecto_Teoria_GP5\ProyectoAlison\Project1\Shader_light.cpp(219,24): warning C4244: 'argumento': conversión de 'GLuint' a 'GLfloat'; posible pérdida de datos
D:\314229623_Proyecto_Teoria_GP5\ProyectoAlison\Project1\Shader_light.cpp(218,88): warning C4244: 'argumento': conversión de 'GLuint' a 'GLfloat'; posible pérdida de datos
D:\314229623_Proyecto_Teoria_GP5\ProyectoAlison\Project1\Shader_light.cpp(218,42): warning C4244: 'argumento': conversión de 'GLuint' a 'GLfloat'; posible pérdida de datos
  Skybox.cpp
  SpotLight.cpp
  Texture.cpp
  Window.cpp
D:\314229623_Proyecto_Teoria_GP5\ProyectoAlison\Project1\Window.h(13,36): warning C4244: 'return': conversión de 'GLint' a 'GLfloat'; posible pérdida de datos
D:\314229623_Proyecto_Teoria_GP5\ProyectoAlison\Project1\Window.h(14,37): warning C4244: 'return': conversión de 'GLint' a 'GLfloat'; posible pérdida de datos
D:\314229623_Proyecto_Teoria_GP5\ProyectoAlison\Project1\Window.cpp(328,22): warning C4244: '=': conversión de 'double' a 'GLfloat'; posible pérdida de datos
D:\314229623_Proyecto_Teoria_GP5\ProyectoAlison\Project1\Window.cpp(329,22): warning C4244: '=': conversión de 'double' a 'GLfloat'; posible pérdida de datos
D:\314229623_Proyecto_Teoria_GP5\ProyectoAlison\Project1\Window.cpp(333,28): warning C4244: '=': conversión de 'double' a 'GLfloat'; posible pérdida de datos
D:\314229623_Proyecto_Teoria_GP5\ProyectoAlison\Project1\Window.cpp(334,40): warning C4244: '=': conversión de 'double' a 'GLfloat'; posible pérdida de datos
D:\314229623_Proyecto_Teoria_GP5\ProyectoAlison\Project1\Window.cpp(336,21): warning C4244: '=': conversión de 'double' a 'GLfloat'; posible pérdida de datos
D:\314229623_Proyecto_Teoria_GP5\ProyectoAlison\Project1\Window.cpp(337,21): warning C4244: '=': conversión de 'double' a 'GLfloat'; posible pérdida de datos
  Generando código
  Previous IPDB not found, fall back to full compilation.
D:\314229623_Proyecto_Teoria_GP5\ProyectoAlison\Project1\Window.cpp(75): warning C4715: 'Window::Initialise': no todas las rutas de acceso de control devuelven un valor
D:\314229623_Proyecto_Teoria_GP5\ProyectoAlison\Project1\CameraIso.cpp(140): warning C4715: 'CameraIso::calculateViewMatrix': no todas las rutas de acceso de control devuelven un valor
  All 848 functions were compiled because no usable IPDB/IOBJ from previous compilation was found.
  Generación de código finalizada
  Project1.vcxproj -> D:\314229623_Proyecto_Teoria_GP5\ProyectoAlison\Release\Project1.exe
